<?xml version="1.0" encoding="UTF-8"?>
<testng-results skipped="0" failed="0" ignored="0" total="1" passed="1">
  <reporter-output>
  </reporter-output>
  <suite name="Command line suite" duration-ms="3435" started-at="2020-05-25T20:21:52Z" finished-at="2020-05-25T20:21:55Z">
    <groups>
    </groups>
    <test name="Command line test" duration-ms="3435" started-at="2020-05-25T20:21:52Z" finished-at="2020-05-25T20:21:55Z">
      <class name="asign.app1">
        <test-method status="PASS" signature="test()[pri:0, instance:asign.app1@5c3bd550]" name="test" duration-ms="3371" started-at="2020-05-25T20:21:52Z" finished-at="2020-05-25T20:21:55Z">
          <reporter-output>
          </reporter-output>
        </test-method> <!-- test -->
      </class> <!-- asign.app1 -->
    </test> <!-- Command line test -->
  </suite> <!-- Command line suite -->
</testng-results>
